<?xml version="1.0" encoding="UTF-8"?>
<testsuite xmlns:xsi="http://www.w3.org/2001/XMLSchema-instance" xsi:noNamespaceSchemaLocation="https://maven.apache.org/surefire/maven-surefire-plugin/xsd/surefire-test-report.xsd" version="3.0.2" name="com.ssp.WolfManagementSystemApplicationTests" time="2.962" tests="1" errors="0" skipped="0" failures="0">
  <properties>
[...]
</properties>
  <testcase name="contextLoads" classname="com.ssp.WolfManagementSystemApplicationTests" time="0.284">
    <system-out><![CDATA[18:51:32.857 [main] INFO org.springframework.test.context.support.AnnotationConfigContextLoaderUtils -- Could not detect default configuration classes for test class [com.ssp.WolfManagementSystemApplicationTests]: WolfManagementSystemApplicationTests does not declare any static, non-private, non-final, nested classes annotated with @Configuration.
18:51:32.911 [main] INFO org.springframework.boot.test.context.SpringBootTestContextBootstrapper -- Found @SpringBootConfiguration com.ssp.WolfManagementSystemApplication for test class com.ssp.WolfManagementSystemApplicationTests
18:51:32.985 [main] INFO org.springframework.boot.devtools.restart.RestartApplicationListener -- Restart disabled due to context in which it is running

  .   ____          _            __ _ _
 /\\ / ___'_ __ _ _(_)_ __  __ _ \ \ \ \
( ( )\___ | '_ | '_| | '_ \/ _` | \ \ \ \
 \\/  ___)| |_)| | | | | || (_| |  ) ) ) )
  '  |____| .__|_| |_|_| |_\__, | / / / /
 =========|_|==============|___/=/_/_/_/

 :: Spring Boot ::                (v3.4.4)

2025-12-15T18:51:33.101-05:00  INFO 10756 --- [Wolf Management System] [           main] c.s.WolfManagementSystemApplicationTests : Starting WolfManagementSystemApplicationTests using Java 18 with PID 10756 (started by therock in /Users/therock/Desktop/WolfManagementSystem)
2025-12-15T18:51:33.101-05:00  INFO 10756 --- [Wolf Management System] [           main] c.s.WolfManagementSystemApplicationTests : No active profile set, falling back to 1 default profile: "default"
2025-12-15T18:51:33.449-05:00  INFO 10756 --- [Wolf Management System] [           main] .s.d.r.c.RepositoryConfigurationDelegate : Bootstrapping Spring Data JPA repositories in DEFAULT mode.
2025-12-15T18:51:33.477-05:00  INFO 10756 --- [Wolf Management System] [           main] .s.d.r.c.RepositoryConfigurationDelegate : Finished Spring Data repository scanning in 23 ms. Found 3 JPA repository interfaces.
2025-12-15T18:51:33.721-05:00  INFO 10756 --- [Wolf Management System] [           main] o.hibernate.jpa.internal.util.LogHelper  : HHH000204: Processing PersistenceUnitInfo [name: default]
2025-12-15T18:51:33.757-05:00  INFO 10756 --- [Wolf Management System] [           main] org.hibernate.Version                    : HHH000412: Hibernate ORM core version 6.6.11.Final
2025-12-15T18:51:33.778-05:00  INFO 10756 --- [Wolf Management System] [           main] o.h.c.internal.RegionFactoryInitiator    : HHH000026: Second-level cache disabled
2025-12-15T18:51:33.922-05:00  INFO 10756 --- [Wolf Management System] [           main] o.s.o.j.p.SpringPersistenceUnitInfo      : No LoadTimeWeaver setup: ignoring JPA class transformer
2025-12-15T18:51:33.937-05:00  INFO 10756 --- [Wolf Management System] [           main] com.zaxxer.hikari.HikariDataSource       : HikariPool-1 - Starting...
2025-12-15T18:51:34.227-05:00  INFO 10756 --- [Wolf Management System] [           main] com.zaxxer.hikari.pool.HikariPool        : HikariPool-1 - Added connection com.mysql.cj.jdbc.ConnectionImpl@12670e55
2025-12-15T18:51:34.228-05:00  INFO 10756 --- [Wolf Management System] [           main] com.zaxxer.hikari.HikariDataSource       : HikariPool-1 - Start completed.
2025-12-15T18:51:34.274-05:00  WARN 10756 --- [Wolf Management System] [           main] org.hibernate.orm.deprecation            : HHH90000025: MySQL8Dialect does not need to be specified explicitly using 'hibernate.dialect' (remove the property setting and it will be selected by default)
2025-12-15T18:51:34.275-05:00  WARN 10756 --- [Wolf Management System] [           main] org.hibernate.orm.deprecation            : HHH90000026: MySQL8Dialect has been deprecated; use org.hibernate.dialect.MySQLDialect instead
2025-12-15T18:51:34.283-05:00  INFO 10756 --- [Wolf Management System] [           main] org.hibernate.orm.connections.pooling    : HHH10001005: Database info:
	Database JDBC URL [Connecting through datasource 'HikariDataSource (HikariPool-1)']
	Database driver: undefined/unknown
	Database version: 8.0
	Autocommit mode: undefined/unknown
	Isolation level: undefined/unknown
	Minimum pool size: undefined/unknown
	Maximum pool size: undefined/unknown
2025-12-15T18:51:34.754-05:00  INFO 10756 --- [Wolf Management System] [           main] o.h.e.t.j.p.i.JtaPlatformInitiator       : HHH000489: No JTA platform available (set 'hibernate.transaction.jta.platform' to enable JTA platform integration)
Hibernate: create table chat (id bigint not null, name varchar(255), project_id bigint, primary key (id)) engine=InnoDB
Hibernate: create table chat_seq (next_val bigint) engine=InnoDB
Hibernate: insert into chat_seq values ( 1 )
Hibernate: create table chat_users (chat_id bigint not null, users_id bigint not null) engine=InnoDB
Hibernate: create table comment (id bigint not null, content varchar(255), created_date_time datetime(6), issue_id bigint, user_id bigint, primary key (id)) engine=InnoDB
Hibernate: create table comment_seq (next_val bigint) engine=InnoDB
Hibernate: insert into comment_seq values ( 1 )
Hibernate: create table invitation (id bigint not null, email varchar(255), project_id bigint, token varchar(255), primary key (id)) engine=InnoDB
Hibernate: create table invitation_seq (next_val bigint) engine=InnoDB
Hibernate: insert into invitation_seq values ( 1 )
Hibernate: alter table issue add column description varchar(255)
Hibernate: alter table issue add column due_date date
Hibernate: alter table issue add column priority varchar(255)
Hibernate: alter table issue add column projectid bigint
Hibernate: alter table issue add column status varchar(255)
Hibernate: alter table issue add column tags varbinary(255)
Hibernate: alter table issue add column title varchar(255)
Hibernate: alter table issue add column project_id bigint
Hibernate: create table message (id bigint not null, content varchar(255), created_at datetime(6), chat_id bigint, sender_id bigint, primary key (id)) engine=InnoDB
Hibernate: create table message_seq (next_val bigint) engine=InnoDB
Hibernate: insert into message_seq values ( 1 )
Hibernate: create table project (id bigint not null, category varchar(255), description varchar(255), name varchar(255), tags varbinary(255), owner_id bigint, primary key (id)) engine=InnoDB
Hibernate: create table project_seq (next_val bigint) engine=InnoDB
Hibernate: insert into project_seq values ( 1 )
Hibernate: create table project_team (project_id bigint not null, team_id bigint not null) engine=InnoDB
Hibernate: alter table user add column project_size integer not null
Hibernate: alter table chat drop index UKen3ikswk1mw7edf67w6fdusuw
Hibernate: alter table chat add constraint UKen3ikswk1mw7edf67w6fdusuw unique (project_id)
Hibernate: alter table chat add constraint FKpmkbn5ciqlcd7w9rkpyveim49 foreign key (project_id) references project (id)
Hibernate: alter table chat_users add constraint FKorvljukoxcj3j8l0vryq2sme5 foreign key (users_id) references user (id)
Hibernate: alter table chat_users add constraint FKglok2i2m8cbulbt5xxmfqixw3 foreign key (chat_id) references chat (id)
Hibernate: alter table comment add constraint FKomjg70m9sundkar1el2rtonrn foreign key (issue_id) references issue (id)
Hibernate: alter table comment add constraint FK8kcum44fvpupyw6f5baccx25c foreign key (user_id) references user (id)
Hibernate: alter table issue add constraint FKcombytcpeogaqi2012phvvvhy foreign key (project_id) references project (id)
Hibernate: alter table message add constraint FKmejd0ykokrbuekwwgd5a5xt8a foreign key (chat_id) references chat (id)
Hibernate: alter table message add constraint FKcnj2qaf5yc36v2f90jw2ipl9b foreign key (sender_id) references user (id)
Hibernate: alter table project add constraint FK9ydhxbq67a3m0ek560r2fq38g foreign key (owner_id) references user (id)
Hibernate: alter table project_team add constraint FKkburf3pb32q3mm32wuqobcfpk foreign key (team_id) references user (id)
Hibernate: alter table project_team add constraint FK5fb0uivx2rshuy6386ppp6m8f foreign key (project_id) references project (id)
2025-12-15T18:51:35.016-05:00  INFO 10756 --- [Wolf Management System] [           main] j.LocalContainerEntityManagerFactoryBean : Initialized JPA EntityManagerFactory for persistence unit 'default'
2025-12-15T18:51:35.181-05:00  WARN 10756 --- [Wolf Management System] [           main] JpaBaseConfiguration$JpaWebConfiguration : spring.jpa.open-in-view is enabled by default. Therefore, database queries may be performed during view rendering. Explicitly configure spring.jpa.open-in-view to disable this warning
2025-12-15T18:51:35.191-05:00  INFO 10756 --- [Wolf Management System] [           main] r$InitializeUserDetailsManagerConfigurer : Global AuthenticationManager configured with UserDetailsService bean with name customUserDetailsImpl
2025-12-15T18:51:35.461-05:00  INFO 10756 --- [Wolf Management System] [           main] c.s.WolfManagementSystemApplicationTests : Started WolfManagementSystemApplicationTests in 2.481 seconds (process running for 2.897)
]]></system-out>
  </testcase>
</testsuite>